TN:
SF:/Users/studzw/Documents/Project/uxcore-progress/src/index.js
FNF:0
FNH:0
DA:11,1
DA:12,1
DA:13,1
DA:15,1
LF:4
LH:4
BRF:0
BRH:0
end_of_record
TN:
SF:/Users/studzw/Documents/Project/uxcore-progress/src/Progress.js
FN:19,_interopRequireDefault
FN:21,_defaults
FN:23,_classCallCheck
FN:25,_possibleConstructorReturn
FN:27,_inherits
FN:31,(anonymous_6)
FN:34,Line
FN:40,render
FNF:8
FNH:8
FNDA:3,_interopRequireDefault
FNDA:1,_defaults
FNDA:6,_classCallCheck
FNDA:6,_possibleConstructorReturn
FNDA:1,_inherits
FNDA:1,(anonymous_6)
FNDA:6,Line
FNDA:6,render
DA:3,1
DA:7,1
DA:9,1
DA:11,1
DA:13,1
DA:15,1
DA:17,1
DA:19,3
DA:21,5
DA:23,6
DA:25,6
DA:27,1
DA:29,1
DA:31,1
DA:32,1
DA:34,1
DA:35,6
DA:37,6
DA:40,1
DA:41,6
DA:43,6
DA:44,0
DA:47,6
DA:48,6
DA:50,6
DA:51,5
DA:52,1
DA:57,4
DA:58,0
DA:64,4
DA:72,1
DA:75,6
DA:80,6
DA:84,6
DA:100,1
DA:103,1
DA:104,1
DA:110,1
DA:117,1
DA:118,1
LF:40
LH:38
BRDA:19,1,0,0
BRDA:19,1,1,3
BRDA:19,2,0,3
BRDA:19,2,1,3
BRDA:21,3,0,0
BRDA:21,3,1,5
BRDA:21,4,0,5
BRDA:21,4,1,5
BRDA:21,4,2,0
BRDA:23,5,0,0
BRDA:23,5,1,6
BRDA:25,6,0,0
BRDA:25,6,1,6
BRDA:25,7,0,0
BRDA:25,7,1,6
BRDA:25,8,0,6
BRDA:25,8,1,0
BRDA:25,8,2,0
BRDA:27,9,0,0
BRDA:27,9,1,1
BRDA:27,10,0,1
BRDA:27,10,1,0
BRDA:27,11,0,1
BRDA:27,11,1,1
BRDA:27,12,0,1
BRDA:27,12,1,0
BRDA:27,13,0,0
BRDA:27,13,1,1
BRDA:43,14,0,0
BRDA:43,14,1,6
BRDA:50,15,0,5
BRDA:50,15,1,1
BRDA:51,16,0,1
BRDA:51,16,1,4
BRDA:57,17,0,0
BRDA:57,17,1,4
BRF:36
BRH:22
end_of_record
TN:
SF:/Users/studzw/Documents/Project/uxcore-progress/src/Circle.js
FN:19,_interopRequireDefault
FN:21,_defaults
FN:23,_classCallCheck
FN:25,_possibleConstructorReturn
FN:27,_inherits
FN:35,(anonymous_6)
FN:38,Circle
FN:44,render
FN:84,(anonymous_9)
FNF:9
FNH:9
FNDA:3,_interopRequireDefault
FNDA:1,_defaults
FNDA:7,_classCallCheck
FNDA:7,_possibleConstructorReturn
FNDA:1,_inherits
FNDA:1,(anonymous_6)
FNDA:7,Circle
FNDA:7,render
FNDA:14,(anonymous_9)
DA:3,1
DA:7,1
DA:9,1
DA:11,1
DA:13,1
DA:15,1
DA:17,1
DA:19,3
DA:21,5
DA:23,7
DA:25,7
DA:27,1
DA:29,1
DA:33,1
DA:35,1
DA:36,1
DA:38,1
DA:39,7
DA:41,7
DA:44,1
DA:45,7
DA:46,7
DA:47,7
DA:48,7
DA:49,7
DA:50,7
DA:56,7
DA:57,7
DA:61,7
DA:62,6
DA:63,1
DA:68,5
DA:69,0
DA:75,5
DA:84,7
DA:85,14
DA:86,7
DA:87,7
DA:89,7
DA:90,0
DA:94,7
DA:122,1
DA:125,1
DA:126,1
DA:133,1
DA:141,1
DA:142,1
LF:47
LH:45
BRDA:19,1,0,0
BRDA:19,1,1,3
BRDA:19,2,0,3
BRDA:19,2,1,3
BRDA:21,3,0,0
BRDA:21,3,1,5
BRDA:21,4,0,5
BRDA:21,4,1,5
BRDA:21,4,2,0
BRDA:23,5,0,0
BRDA:23,5,1,7
BRDA:25,6,0,0
BRDA:25,6,1,7
BRDA:25,7,0,0
BRDA:25,7,1,7
BRDA:25,8,0,7
BRDA:25,8,1,0
BRDA:25,8,2,0
BRDA:27,9,0,0
BRDA:27,9,1,1
BRDA:27,10,0,1
BRDA:27,10,1,0
BRDA:27,11,0,1
BRDA:27,11,1,1
BRDA:27,12,0,1
BRDA:27,12,1,0
BRDA:27,13,0,0
BRDA:27,13,1,1
BRDA:61,14,0,6
BRDA:61,14,1,1
BRDA:62,15,0,1
BRDA:62,15,1,5
BRDA:68,16,0,0
BRDA:68,16,1,5
BRDA:85,17,0,7
BRDA:85,17,1,7
BRDA:85,18,0,14
BRDA:85,18,1,7
BRDA:85,18,2,7
BRDA:89,19,0,0
BRDA:89,19,1,7
BRF:41
BRH:27
end_of_record
